2020-10-03 14:35:15 INFO  LoggingClass:12 This is INFO log
2020-10-03 14:35:15 WARN  LoggingClass:13 This is a warning log
2020-10-03 14:35:15 ERROR LoggingClass:14 This is n ERROR log
2020-10-03 14:35:15 INFO  LoggingClass:15 This is a DEBUG log
2020-10-03 14:35:57 INFO  LoggingClass:12 This is INFO log
2020-10-03 14:35:57 WARN  LoggingClass:13 This is a warning log
2020-10-03 14:35:57 ERROR LoggingClass:14 This is n ERROR log
2020-10-03 14:35:57 INFO  LoggingClass:15 This is a DEBUG log
2020-10-03 14:36:10 INFO  LoggingClass:12 This is INFO log
2020-10-03 14:36:10 WARN  LoggingClass:13 This is a warning log
2020-10-03 14:36:10 ERROR LoggingClass:14 This is n ERROR log
2020-10-03 14:36:10 INFO  LoggingClass:15 This is a DEBUG log
2020-Oct-03 14:36:44 INFO  LoggingClass:12 This is INFO log
2020-Oct-03 14:36:44 WARN  LoggingClass:13 This is a warning log
2020-Oct-03 14:36:44 ERROR LoggingClass:14 This is n ERROR log
2020-Oct-03 14:36:44 INFO  LoggingClass:15 This is a DEBUG log
20-Oct-03 14:37:00 INFO  LoggingClass:12 This is INFO log
20-Oct-03 14:37:00 WARN  LoggingClass:13 This is a warning log
20-Oct-03 14:37:00 ERROR LoggingClass:14 This is n ERROR log
20-Oct-03 14:37:00 INFO  LoggingClass:15 This is a DEBUG log
2020-10-03 14:37:31 INFO  LoggingClass:12 This is INFO log
2020-10-03 14:37:31 WARN  LoggingClass:13 This is a warning log
2020-10-03 14:37:31 ERROR LoggingClass:14 This is n ERROR log
2020-10-03 14:37:31 INFO  LoggingClass:15 This is a DEBUG log
2020-10-03 14:38:15 INFO  LoggingClass:12 This is INFO log
2020-10-03 14:38:15 WARN  LoggingClass:13 This is a warning log
2020-10-03 14:38:15 ERROR LoggingClass:16 This is n ERROR log
2020-10-03 14:38:15 INFO  LoggingClass:17 This is a DEBUG log
2020-10-03 14:53:55 INFO  OAuth2Class:27 Base URL is: null
2020-10-03 14:53:56 DEBUG BasicClientConnectionManager:161 Get connection for route {}->http://coop.apps.symfonycasts.com:80
2020-10-03 14:53:57 DEBUG DefaultClientConnectionOperator:177 Connecting to coop.apps.symfonycasts.com:80
2020-10-03 14:53:57 DEBUG RequestAddCookies:123 CookieSpec selected: ignoreCookies
2020-10-03 14:53:57 DEBUG RequestAuthCache:77 Auth cache not set in the context
2020-10-03 14:53:57 DEBUG RequestTargetAuthentication:80 Target auth state: UNCHALLENGED
2020-10-03 14:53:57 DEBUG RequestProxyAuthentication:89 Proxy auth state: UNCHALLENGED
2020-10-03 14:53:57 DEBUG DefaultHttpClient:682 Attempt 1 to execute request
2020-10-03 14:53:57 DEBUG DefaultClientConnection:274 Sending request: POST /token HTTP/1.1
2020-10-03 14:53:57 DEBUG wire:73  >> "POST /token HTTP/1.1[\r][\n]"
2020-10-03 14:53:57 DEBUG wire:73  >> "Accept: */*[\r][\n]"
2020-10-03 14:53:57 DEBUG wire:73  >> "Content-Type: application/x-www-form-urlencoded; charset=ISO-8859-1[\r][\n]"
2020-10-03 14:53:57 DEBUG wire:73  >> "Content-Length: 145[\r][\n]"
2020-10-03 14:53:57 DEBUG wire:73  >> "Host: coop.apps.symfonycasts.com[\r][\n]"
2020-10-03 14:53:57 DEBUG wire:73  >> "Connection: Keep-Alive[\r][\n]"
2020-10-03 14:53:57 DEBUG wire:73  >> "User-Agent: Apache-HttpClient/4.5.3 (Java/1.8.0_265)[\r][\n]"
2020-10-03 14:53:57 DEBUG wire:73  >> "Accept-Encoding: gzip,deflate[\r][\n]"
2020-10-03 14:53:57 DEBUG wire:73  >> "[\r][\n]"
2020-10-03 14:53:57 DEBUG headers:278 >> POST /token HTTP/1.1
2020-10-03 14:53:57 DEBUG headers:281 >> Accept: */*
2020-10-03 14:53:57 DEBUG headers:281 >> Content-Type: application/x-www-form-urlencoded; charset=ISO-8859-1
2020-10-03 14:53:57 DEBUG headers:281 >> Content-Length: 145
2020-10-03 14:53:57 DEBUG headers:281 >> Host: coop.apps.symfonycasts.com
2020-10-03 14:53:57 DEBUG headers:281 >> Connection: Keep-Alive
2020-10-03 14:53:57 DEBUG headers:281 >> User-Agent: Apache-HttpClient/4.5.3 (Java/1.8.0_265)
2020-10-03 14:53:57 DEBUG headers:281 >> Accept-Encoding: gzip,deflate
2020-10-03 14:53:57 DEBUG wire:87  >> "client_id=SimplyLearnTraining&client_secret=b15caae131be71615d45c0f712d95cfd&grant_type=client_credentials&scope=chickens-feed&scope=eggs-collect"
2020-10-03 14:53:57 DEBUG wire:73  << "HTTP/1.1 200 OK[\r][\n]"
2020-10-03 14:53:57 DEBUG wire:73  << "Date: Sat, 03 Oct 2020 14:53:57 GMT[\r][\n]"
2020-10-03 14:53:57 DEBUG wire:73  << "Content-Type: application/json[\r][\n]"
2020-10-03 14:53:57 DEBUG wire:73  << "Transfer-Encoding: chunked[\r][\n]"
2020-10-03 14:53:57 DEBUG wire:73  << "Connection: keep-alive[\r][\n]"
2020-10-03 14:53:57 DEBUG wire:73  << "Set-Cookie: __cfduid=d890fdec6c2cba354e56392028c0d18841601736837; expires=Mon, 02-Nov-20 14:53:57 GMT; path=/; domain=.symfonycasts.com; HttpOnly; SameSite=Lax[\r][\n]"
2020-10-03 14:53:57 DEBUG wire:73  << "Cache-Control: no-store, private[\r][\n]"
2020-10-03 14:53:57 DEBUG wire:73  << "Pragma: no-cache[\r][\n]"
2020-10-03 14:53:57 DEBUG wire:73  << "CF-Cache-Status: DYNAMIC[\r][\n]"
2020-10-03 14:53:57 DEBUG wire:73  << "cf-request-id: 05908d9fc70000e8451bb37200000001[\r][\n]"
2020-10-03 14:53:57 DEBUG wire:73  << "Server: cloudflare[\r][\n]"
2020-10-03 14:53:57 DEBUG wire:73  << "CF-RAY: 5dc77edfacabe845-EWR[\r][\n]"
2020-10-03 14:53:57 DEBUG wire:73  << "Content-Encoding: gzip[\r][\n]"
2020-10-03 14:53:57 DEBUG wire:73  << "[\r][\n]"
2020-10-03 14:53:57 DEBUG DefaultClientConnection:259 Receiving response: HTTP/1.1 200 OK
2020-10-03 14:53:57 DEBUG headers:262 << HTTP/1.1 200 OK
2020-10-03 14:53:57 DEBUG headers:265 << Date: Sat, 03 Oct 2020 14:53:57 GMT
2020-10-03 14:53:57 DEBUG headers:265 << Content-Type: application/json
2020-10-03 14:53:57 DEBUG headers:265 << Transfer-Encoding: chunked
2020-10-03 14:53:57 DEBUG headers:265 << Connection: keep-alive
2020-10-03 14:53:57 DEBUG headers:265 << Set-Cookie: __cfduid=d890fdec6c2cba354e56392028c0d18841601736837; expires=Mon, 02-Nov-20 14:53:57 GMT; path=/; domain=.symfonycasts.com; HttpOnly; SameSite=Lax
2020-10-03 14:53:57 DEBUG headers:265 << Cache-Control: no-store, private
2020-10-03 14:53:57 DEBUG headers:265 << Pragma: no-cache
2020-10-03 14:53:57 DEBUG headers:265 << CF-Cache-Status: DYNAMIC
2020-10-03 14:53:57 DEBUG headers:265 << cf-request-id: 05908d9fc70000e8451bb37200000001
2020-10-03 14:53:57 DEBUG headers:265 << Server: cloudflare
2020-10-03 14:53:57 DEBUG headers:265 << CF-RAY: 5dc77edfacabe845-EWR
2020-10-03 14:53:57 DEBUG headers:265 << Content-Encoding: gzip
2020-10-03 14:53:57 DEBUG DefaultHttpClient:509 Connection can be kept alive indefinitely
2020-10-03 14:53:57 DEBUG RequestSpecificationImpl$RestAssuredHttpBuilder:545 Parsing response as: application/json
2020-10-03 14:53:57 DEBUG wire:73  << "83[\r][\n]"
2020-10-03 14:53:57 DEBUG wire:73  << "[0x1f][0x8b][0x8][0x0][0x0][0x0][0x0][0x0][0x0][0x3][0x1c][0xcc]K[\n]"
2020-10-03 14:53:57 DEBUG wire:87  << "[0xc3] [0x14][0x5][0xd0][0xbd][0xdc][0xb1][0x5]m[0xfc][0xf][0xbb][0x11][0x89]/[0xcf][0x10][0x1a]bP[0x7]-[0xa5]{[0xf]dz[0x6][0xe7][0x87][0x99][0x88]{O[0xa3][0xbe][0xf9]@[0x84][0xe7][0xc9][0xe7][0x92][0x83]Y[0xb4][0x9b][0x9c][0xb5][0xa4][0x9c]V[0x99]L([0xb6][0x18][0xce]![0xcb][0xa0][0x9f][0xc6]*[0x8][0xf0][0xe7][0xdc][0x1a][0xf7][0xb4][0x1d][0x88][0xde]j)[0x5][0xee]%[0x8d][0xef][0xc9][0x88]x[0xf1][0xdc][0xb8]A[0xa0]S[0xbd][0x81][0xd7][0xb5]?[0xa8][0xee];[0xd3][0xc0][0xff][0x2][0x0][0x0][0xff][0xff][0x3][0x0][0x91]jS[0xfd]{[0x0][0x0][0x0]"
2020-10-03 14:53:57 DEBUG wire:73  << "[\r][\n]"
2020-10-03 14:53:57 DEBUG wire:73  << "0[\r][\n]"
2020-10-03 14:53:57 DEBUG wire:73  << "[\r][\n]"
2020-10-03 14:53:57 DEBUG RequestSpecificationImpl$RestAssuredHttpBuilder:548 Parsed data to instance of: class org.apache.http.conn.EofSensorInputStream
2020-10-03 14:53:57 DEBUG BasicClientConnectionManager:200 Releasing connection org.apache.http.impl.conn.ManagedClientConnectionImpl@51e8e6e6
2020-10-03 14:53:57 DEBUG BasicClientConnectionManager:225 Connection can be kept alive indefinitely
2020-10-03 14:53:58 DEBUG BasicClientConnectionManager:161 Get connection for route {}->http://coop.apps.symfonycasts.com:80
2020-10-03 14:53:58 DEBUG DefaultClientConnectionOperator:177 Connecting to coop.apps.symfonycasts.com:80
2020-10-03 14:53:58 DEBUG RequestAddCookies:123 CookieSpec selected: ignoreCookies
2020-10-03 14:53:58 DEBUG RequestAuthCache:77 Auth cache not set in the context
2020-10-03 14:53:58 DEBUG RequestProxyAuthentication:89 Proxy auth state: UNCHALLENGED
2020-10-03 14:53:58 DEBUG DefaultHttpClient:682 Attempt 1 to execute request
2020-10-03 14:53:58 DEBUG DefaultClientConnection:274 Sending request: POST /api/1407/eggs-collect HTTP/1.1
2020-10-03 14:53:58 DEBUG wire:73  >> "POST /api/1407/eggs-collect HTTP/1.1[\r][\n]"
2020-10-03 14:53:58 DEBUG wire:73  >> "Content-Type: application/x-www-form-urlencoded; charset=ISO-8859-1[\r][\n]"
2020-10-03 14:53:58 DEBUG wire:73  >> "Authorization: Bearer 8e38bfb95d473766c1741bc59f6f5eb9b0942561[\r][\n]"
2020-10-03 14:53:58 DEBUG wire:73  >> "Accept: */*[\r][\n]"
2020-10-03 14:53:58 DEBUG wire:73  >> "Content-Length: 0[\r][\n]"
2020-10-03 14:53:58 DEBUG wire:73  >> "Host: coop.apps.symfonycasts.com[\r][\n]"
2020-10-03 14:53:58 DEBUG wire:73  >> "Connection: Keep-Alive[\r][\n]"
2020-10-03 14:53:58 DEBUG wire:73  >> "User-Agent: Apache-HttpClient/4.5.3 (Java/1.8.0_265)[\r][\n]"
2020-10-03 14:53:58 DEBUG wire:73  >> "Accept-Encoding: gzip,deflate[\r][\n]"
2020-10-03 14:53:58 DEBUG wire:73  >> "[\r][\n]"
2020-10-03 14:53:58 DEBUG headers:278 >> POST /api/1407/eggs-collect HTTP/1.1
2020-10-03 14:53:58 DEBUG headers:281 >> Content-Type: application/x-www-form-urlencoded; charset=ISO-8859-1
2020-10-03 14:53:58 DEBUG headers:281 >> Authorization: Bearer 8e38bfb95d473766c1741bc59f6f5eb9b0942561
2020-10-03 14:53:58 DEBUG headers:281 >> Accept: */*
2020-10-03 14:53:58 DEBUG headers:281 >> Content-Length: 0
2020-10-03 14:53:58 DEBUG headers:281 >> Host: coop.apps.symfonycasts.com
2020-10-03 14:53:58 DEBUG headers:281 >> Connection: Keep-Alive
2020-10-03 14:53:58 DEBUG headers:281 >> User-Agent: Apache-HttpClient/4.5.3 (Java/1.8.0_265)
2020-10-03 14:53:58 DEBUG headers:281 >> Accept-Encoding: gzip,deflate
2020-10-03 14:53:58 DEBUG wire:73  << "HTTP/1.1 200 OK[\r][\n]"
2020-10-03 14:53:58 DEBUG wire:73  << "Date: Sat, 03 Oct 2020 14:53:58 GMT[\r][\n]"
2020-10-03 14:53:58 DEBUG wire:73  << "Content-Type: application/json[\r][\n]"
2020-10-03 14:53:58 DEBUG wire:73  << "Transfer-Encoding: chunked[\r][\n]"
2020-10-03 14:53:58 DEBUG wire:73  << "Connection: keep-alive[\r][\n]"
2020-10-03 14:53:58 DEBUG wire:73  << "Set-Cookie: __cfduid=d4d7e68b7dd088f230d00d6fbb533d67d1601736838; expires=Mon, 02-Nov-20 14:53:58 GMT; path=/; domain=.symfonycasts.com; HttpOnly; SameSite=Lax[\r][\n]"
2020-10-03 14:53:58 DEBUG wire:73  << "Cache-Control: no-cache[\r][\n]"
2020-10-03 14:53:58 DEBUG wire:73  << "CF-Cache-Status: DYNAMIC[\r][\n]"
2020-10-03 14:53:58 DEBUG wire:73  << "cf-request-id: 05908da40d00000cbdfd90a200000001[\r][\n]"
2020-10-03 14:53:58 DEBUG wire:73  << "Server: cloudflare[\r][\n]"
2020-10-03 14:53:58 DEBUG wire:73  << "CF-RAY: 5dc77ee67c1a0cbd-EWR[\r][\n]"
2020-10-03 14:53:58 DEBUG wire:73  << "Content-Encoding: gzip[\r][\n]"
2020-10-03 14:53:58 DEBUG wire:73  << "[\r][\n]"
2020-10-03 14:53:58 DEBUG DefaultClientConnection:259 Receiving response: HTTP/1.1 200 OK
2020-10-03 14:53:58 DEBUG headers:262 << HTTP/1.1 200 OK
2020-10-03 14:53:58 DEBUG headers:265 << Date: Sat, 03 Oct 2020 14:53:58 GMT
2020-10-03 14:53:58 DEBUG headers:265 << Content-Type: application/json
2020-10-03 14:53:58 DEBUG headers:265 << Transfer-Encoding: chunked
2020-10-03 14:53:58 DEBUG headers:265 << Connection: keep-alive
2020-10-03 14:53:58 DEBUG headers:265 << Set-Cookie: __cfduid=d4d7e68b7dd088f230d00d6fbb533d67d1601736838; expires=Mon, 02-Nov-20 14:53:58 GMT; path=/; domain=.symfonycasts.com; HttpOnly; SameSite=Lax
2020-10-03 14:53:58 DEBUG headers:265 << Cache-Control: no-cache
2020-10-03 14:53:58 DEBUG headers:265 << CF-Cache-Status: DYNAMIC
2020-10-03 14:53:58 DEBUG headers:265 << cf-request-id: 05908da40d00000cbdfd90a200000001
2020-10-03 14:53:58 DEBUG headers:265 << Server: cloudflare
2020-10-03 14:53:58 DEBUG headers:265 << CF-RAY: 5dc77ee67c1a0cbd-EWR
2020-10-03 14:53:58 DEBUG headers:265 << Content-Encoding: gzip
2020-10-03 14:53:58 DEBUG DefaultHttpClient:509 Connection can be kept alive indefinitely
2020-10-03 14:53:58 DEBUG RequestSpecificationImpl$RestAssuredHttpBuilder:545 Parsing response as: application/json
2020-10-03 14:53:58 DEBUG wire:73  << "79[\r][\n]"
2020-10-03 14:53:58 DEBUG wire:73  << "[0x1f][0x8b][0x8][0x0][0x0][0x0][0x0][0x0][0x0][0x3][0x0][0x0][0x0][0xff][0xff],[0xcc][0xc1][0x9][0xc3]0[0xc][0x5][0xd0]U[0xd4]vN[0xbe]y[0x82][0xae][0xa1]*[0x1f];[0xd4][0x8d]!R[\n]"
2020-10-03 14:53:58 DEBUG wire:87  << "!t[0xf7][0x12][0xc8][0x0][0xef][0x9d]P[0x8b]e[0xac](`[0xad]>[0xd9][0xe8][0x9d][0x16]H[0xf0][0xdd][0x8c][0xee]([0xb1][0xed]L[0xf8][0xd0]]+Q[0xf0][0xe4]!}[0x8c][0xb7]hH4[0x8d]$Y.+M[0xbf][0x94][0x17][0xb9][0xca][0xbd]p~ a[0xd6]P[0x94][0xfc][0xfb][0x3][0x0][0x0][0xff][0xff][0x3][0x0]g[0xd6]FTk[0x0][0x0][0x0]"
2020-10-03 14:53:58 DEBUG wire:73  << "[\r][\n]"
2020-10-03 14:53:58 DEBUG wire:73  << "0[\r][\n]"
2020-10-03 14:53:58 DEBUG wire:73  << "[\r][\n]"
2020-10-03 14:53:58 DEBUG RequestSpecificationImpl$RestAssuredHttpBuilder:548 Parsed data to instance of: class org.apache.http.conn.EofSensorInputStream
2020-10-03 14:53:58 DEBUG BasicClientConnectionManager:200 Releasing connection org.apache.http.impl.conn.ManagedClientConnectionImpl@5eccd3b9
2020-10-03 14:53:58 DEBUG BasicClientConnectionManager:225 Connection can be kept alive indefinitely
2020-10-03 14:53:58 DEBUG BasicClientConnectionManager:161 Get connection for route {}->http://www.bupa.com.au:80
2020-10-03 14:53:58 DEBUG DefaultClientConnectionOperator:177 Connecting to www.bupa.com.au:80
2020-10-03 14:53:58 DEBUG RequestAddCookies:123 CookieSpec selected: ignoreCookies
2020-10-03 14:53:58 DEBUG RequestAuthCache:77 Auth cache not set in the context
2020-10-03 14:53:58 DEBUG RequestTargetAuthentication:80 Target auth state: UNCHALLENGED
2020-10-03 14:53:58 DEBUG RequestProxyAuthentication:89 Proxy auth state: UNCHALLENGED
2020-10-03 14:53:58 DEBUG DefaultHttpClient:682 Attempt 1 to execute request
2020-10-03 14:53:58 DEBUG DefaultClientConnection:274 Sending request: GET / HTTP/1.1
2020-10-03 14:53:58 DEBUG wire:73  >> "GET / HTTP/1.1[\r][\n]"
2020-10-03 14:53:58 DEBUG wire:73  >> "Accept: */*[\r][\n]"
2020-10-03 14:53:58 DEBUG wire:73  >> "Host: www.bupa.com.au[\r][\n]"
2020-10-03 14:53:58 DEBUG wire:73  >> "Connection: Keep-Alive[\r][\n]"
2020-10-03 14:53:58 DEBUG wire:73  >> "User-Agent: Apache-HttpClient/4.5.3 (Java/1.8.0_265)[\r][\n]"
2020-10-03 14:53:58 DEBUG wire:73  >> "Accept-Encoding: gzip,deflate[\r][\n]"
2020-10-03 14:53:58 DEBUG wire:73  >> "[\r][\n]"
2020-10-03 14:53:58 DEBUG headers:278 >> GET / HTTP/1.1
2020-10-03 14:53:58 DEBUG headers:281 >> Accept: */*
2020-10-03 14:53:58 DEBUG headers:281 >> Host: www.bupa.com.au
2020-10-03 14:53:58 DEBUG headers:281 >> Connection: Keep-Alive
2020-10-03 14:53:58 DEBUG headers:281 >> User-Agent: Apache-HttpClient/4.5.3 (Java/1.8.0_265)
2020-10-03 14:53:58 DEBUG headers:281 >> Accept-Encoding: gzip,deflate
2020-10-03 14:53:58 DEBUG wire:73  << "HTTP/1.1 301 Moved Permanently[\r][\n]"
2020-10-03 14:53:58 DEBUG wire:73  << "Location: https://www.bupa.com.au/[\r][\n]"
2020-10-03 14:53:58 DEBUG wire:73  << "Content-Length: 0[\r][\n]"
2020-10-03 14:53:58 DEBUG wire:73  << "Connection: close[\r][\n]"
2020-10-03 14:53:58 DEBUG wire:73  << "[\r][\n]"
2020-10-03 14:53:58 DEBUG DefaultClientConnection:259 Receiving response: HTTP/1.1 301 Moved Permanently
2020-10-03 14:53:58 DEBUG headers:262 << HTTP/1.1 301 Moved Permanently
2020-10-03 14:53:58 DEBUG headers:265 << Location: https://www.bupa.com.au/
2020-10-03 14:53:58 DEBUG headers:265 << Content-Length: 0
2020-10-03 14:53:58 DEBUG headers:265 << Connection: close
2020-10-03 14:53:58 DEBUG DefaultRedirectStrategy:143 Redirect requested to location 'https://www.bupa.com.au/'
2020-10-03 14:53:58 DEBUG DefaultHttpClient:1095 Resetting target auth state
2020-10-03 14:53:58 DEBUG DefaultHttpClient:1111 Redirecting to 'https://www.bupa.com.au/' via {s}->https://www.bupa.com.au:443
2020-10-03 14:53:58 DEBUG DefaultClientConnection:180 Connection 0.0.0.0:49788<->45.60.31.141:80 closed
2020-10-03 14:53:58 DEBUG BasicClientConnectionManager:200 Releasing connection org.apache.http.impl.conn.ManagedClientConnectionImpl@6bcbf05b
2020-10-03 14:53:58 DEBUG BasicClientConnectionManager:161 Get connection for route {s}->https://www.bupa.com.au:443
2020-10-03 14:53:58 DEBUG DefaultClientConnectionOperator:177 Connecting to www.bupa.com.au:443
2020-10-03 14:53:58 DEBUG RequestAddCookies:123 CookieSpec selected: ignoreCookies
2020-10-03 14:53:58 DEBUG RequestAuthCache:77 Auth cache not set in the context
2020-10-03 14:53:58 DEBUG RequestTargetAuthentication:80 Target auth state: UNCHALLENGED
2020-10-03 14:53:58 DEBUG RequestProxyAuthentication:89 Proxy auth state: UNCHALLENGED
2020-10-03 14:53:58 DEBUG DefaultHttpClient:682 Attempt 2 to execute request
2020-10-03 14:53:58 DEBUG DefaultClientConnection:274 Sending request: GET / HTTP/1.1
2020-10-03 14:53:58 DEBUG wire:73  >> "GET / HTTP/1.1[\r][\n]"
2020-10-03 14:53:58 DEBUG wire:73  >> "Accept: */*[\r][\n]"
2020-10-03 14:53:58 DEBUG wire:73  >> "Host: www.bupa.com.au[\r][\n]"
2020-10-03 14:53:58 DEBUG wire:73  >> "Connection: Keep-Alive[\r][\n]"
2020-10-03 14:53:58 DEBUG wire:73  >> "User-Agent: Apache-HttpClient/4.5.3 (Java/1.8.0_265)[\r][\n]"
2020-10-03 14:53:58 DEBUG wire:73  >> "Accept-Encoding: gzip,deflate[\r][\n]"
2020-10-03 14:53:58 DEBUG wire:73  >> "[\r][\n]"
2020-10-03 14:53:58 DEBUG headers:278 >> GET / HTTP/1.1
2020-10-03 14:53:58 DEBUG headers:281 >> Accept: */*
2020-10-03 14:53:58 DEBUG headers:281 >> Host: www.bupa.com.au
2020-10-03 14:53:58 DEBUG headers:281 >> Connection: Keep-Alive
2020-10-03 14:53:58 DEBUG headers:281 >> User-Agent: Apache-HttpClient/4.5.3 (Java/1.8.0_265)
2020-10-03 14:53:58 DEBUG headers:281 >> Accept-Encoding: gzip,deflate
2020-10-03 14:53:58 DEBUG wire:73  << "HTTP/1.1 200 OK[\r][\n]"
2020-10-03 14:53:58 DEBUG wire:73  << "Content-Type: text/html[\r][\n]"
2020-10-03 14:53:58 DEBUG wire:73  << "Connection: close[\r][\n]"
2020-10-03 14:53:58 DEBUG wire:73  << "Cache-Control: no-cache[\r][\n]"
2020-10-03 14:53:58 DEBUG wire:73  << "Connection: close[\r][\n]"
2020-10-03 14:53:58 DEBUG wire:73  << "Content-Length: 210[\r][\n]"
2020-10-03 14:53:58 DEBUG wire:73  << "X-Iinfo: 10-165770729-0 0NNN RT(1601736837881 172) q(0 -1 -1 0) r(0 -1) B10(4,289,0) U18[\r][\n]"
2020-10-03 14:53:58 DEBUG wire:73  << "Strict-Transport-Security: max-age=31536000[\r][\n]"
2020-10-03 14:53:58 DEBUG wire:73  << "Set-Cookie: visid_incap_1258701=yaRvBg2PQlSCWeUSR6oO6IaQeF8AAAAAQUIPAAAAAABUat4fr1KvhXRwh3IVHbiN; expires=Sat, 02 Oct 2021 21:16:54 GMT; HttpOnly; path=/; Domain=.bupa.com.au; Secure; SameSite=None[\r][\n]"
2020-10-03 14:53:58 DEBUG wire:73  << "Set-Cookie: incap_ses_1252_1258701=pMMoK01HE1BL4srKqv9fEYaQeF8AAAAAjm+ED4DFFLli16YaqtZ32Q==; path=/; Domain=.bupa.com.au; Secure; SameSite=None[\r][\n]"
2020-10-03 14:53:58 DEBUG wire:73  << "[\r][\n]"
2020-10-03 14:53:58 DEBUG DefaultClientConnection:259 Receiving response: HTTP/1.1 200 OK
2020-10-03 14:53:58 DEBUG headers:262 << HTTP/1.1 200 OK
2020-10-03 14:53:58 DEBUG headers:265 << Content-Type: text/html
2020-10-03 14:53:58 DEBUG headers:265 << Connection: close
2020-10-03 14:53:58 DEBUG headers:265 << Cache-Control: no-cache
2020-10-03 14:53:58 DEBUG headers:265 << Connection: close
2020-10-03 14:53:58 DEBUG headers:265 << Content-Length: 210
2020-10-03 14:53:58 DEBUG headers:265 << X-Iinfo: 10-165770729-0 0NNN RT(1601736837881 172) q(0 -1 -1 0) r(0 -1) B10(4,289,0) U18
2020-10-03 14:53:58 DEBUG headers:265 << Strict-Transport-Security: max-age=31536000
2020-10-03 14:53:58 DEBUG headers:265 << Set-Cookie: visid_incap_1258701=yaRvBg2PQlSCWeUSR6oO6IaQeF8AAAAAQUIPAAAAAABUat4fr1KvhXRwh3IVHbiN; expires=Sat, 02 Oct 2021 21:16:54 GMT; HttpOnly; path=/; Domain=.bupa.com.au; Secure; SameSite=None
2020-10-03 14:53:58 DEBUG headers:265 << Set-Cookie: incap_ses_1252_1258701=pMMoK01HE1BL4srKqv9fEYaQeF8AAAAAjm+ED4DFFLli16YaqtZ32Q==; path=/; Domain=.bupa.com.au; Secure; SameSite=None
2020-10-03 14:53:58 DEBUG RequestSpecificationImpl$RestAssuredHttpBuilder:545 Parsing response as: text/html
2020-10-03 14:53:58 DEBUG RequestSpecificationImpl$RestAssuredHttpBuilder:548 Parsed data to instance of: class org.apache.http.conn.EofSensorInputStream
2020-10-03 14:56:19 DEBUG BasicClientConnectionManager:161 Get connection for route {}->http://coop.apps.symfonycasts.com:80
2020-10-03 14:56:19 DEBUG DefaultClientConnectionOperator:177 Connecting to coop.apps.symfonycasts.com:80
2020-10-03 14:56:19 DEBUG RequestAddCookies:123 CookieSpec selected: ignoreCookies
2020-10-03 14:56:19 DEBUG RequestAuthCache:77 Auth cache not set in the context
2020-10-03 14:56:19 DEBUG RequestTargetAuthentication:80 Target auth state: UNCHALLENGED
2020-10-03 14:56:19 DEBUG RequestProxyAuthentication:89 Proxy auth state: UNCHALLENGED
2020-10-03 14:56:19 DEBUG DefaultHttpClient:682 Attempt 1 to execute request
2020-10-03 14:56:19 DEBUG DefaultClientConnection:274 Sending request: POST /token HTTP/1.1
2020-10-03 14:56:19 DEBUG wire:73  >> "POST /token HTTP/1.1[\r][\n]"
2020-10-03 14:56:19 DEBUG wire:73  >> "Accept: */*[\r][\n]"
2020-10-03 14:56:19 DEBUG wire:73  >> "Content-Type: application/x-www-form-urlencoded; charset=ISO-8859-1[\r][\n]"
2020-10-03 14:56:19 DEBUG wire:73  >> "Content-Length: 145[\r][\n]"
2020-10-03 14:56:19 DEBUG wire:73  >> "Host: coop.apps.symfonycasts.com[\r][\n]"
2020-10-03 14:56:19 DEBUG wire:73  >> "Connection: Keep-Alive[\r][\n]"
2020-10-03 14:56:19 DEBUG wire:73  >> "User-Agent: Apache-HttpClient/4.5.3 (Java/1.8.0_265)[\r][\n]"
2020-10-03 14:56:19 DEBUG wire:73  >> "Accept-Encoding: gzip,deflate[\r][\n]"
2020-10-03 14:56:19 DEBUG wire:73  >> "[\r][\n]"
2020-10-03 14:56:19 DEBUG headers:278 >> POST /token HTTP/1.1
2020-10-03 14:56:19 DEBUG headers:281 >> Accept: */*
2020-10-03 14:56:19 DEBUG headers:281 >> Content-Type: application/x-www-form-urlencoded; charset=ISO-8859-1
2020-10-03 14:56:19 DEBUG headers:281 >> Content-Length: 145
2020-10-03 14:56:19 DEBUG headers:281 >> Host: coop.apps.symfonycasts.com
2020-10-03 14:56:19 DEBUG headers:281 >> Connection: Keep-Alive
2020-10-03 14:56:19 DEBUG headers:281 >> User-Agent: Apache-HttpClient/4.5.3 (Java/1.8.0_265)
2020-10-03 14:56:19 DEBUG headers:281 >> Accept-Encoding: gzip,deflate
2020-10-03 14:56:19 DEBUG wire:87  >> "client_id=SimplyLearnTraining&client_secret=b15caae131be71615d45c0f712d95cfd&grant_type=client_credentials&scope=chickens-feed&scope=eggs-collect"
2020-10-03 14:56:19 DEBUG wire:73  << "HTTP/1.1 200 OK[\r][\n]"
2020-10-03 14:56:19 DEBUG wire:73  << "Date: Sat, 03 Oct 2020 14:56:19 GMT[\r][\n]"
2020-10-03 14:56:19 DEBUG wire:73  << "Content-Type: application/json[\r][\n]"
2020-10-03 14:56:19 DEBUG wire:73  << "Transfer-Encoding: chunked[\r][\n]"
2020-10-03 14:56:19 DEBUG wire:73  << "Connection: keep-alive[\r][\n]"
2020-10-03 14:56:19 DEBUG wire:73  << "Set-Cookie: __cfduid=deceedb9ec35902370d5c86236a9e6fa71601736979; expires=Mon, 02-Nov-20 14:56:19 GMT; path=/; domain=.symfonycasts.com; HttpOnly; SameSite=Lax[\r][\n]"
2020-10-03 14:56:19 DEBUG wire:73  << "Cache-Control: no-store, private[\r][\n]"
2020-10-03 14:56:19 DEBUG wire:73  << "Pragma: no-cache[\r][\n]"
2020-10-03 14:56:19 DEBUG wire:73  << "CF-Cache-Status: DYNAMIC[\r][\n]"
2020-10-03 14:56:19 DEBUG wire:73  << "cf-request-id: 05908fcbc800002a3f37128200000001[\r][\n]"
2020-10-03 14:56:19 DEBUG wire:73  << "Server: cloudflare[\r][\n]"
2020-10-03 14:56:19 DEBUG wire:73  << "CF-RAY: 5dc782594eb12a3f-IAD[\r][\n]"
2020-10-03 14:56:19 DEBUG wire:73  << "Content-Encoding: gzip[\r][\n]"
2020-10-03 14:56:19 DEBUG wire:73  << "[\r][\n]"
2020-10-03 14:56:19 DEBUG DefaultClientConnection:259 Receiving response: HTTP/1.1 200 OK
2020-10-03 14:56:19 DEBUG headers:262 << HTTP/1.1 200 OK
2020-10-03 14:56:19 DEBUG headers:265 << Date: Sat, 03 Oct 2020 14:56:19 GMT
2020-10-03 14:56:19 DEBUG headers:265 << Content-Type: application/json
2020-10-03 14:56:19 DEBUG headers:265 << Transfer-Encoding: chunked
2020-10-03 14:56:19 DEBUG headers:265 << Connection: keep-alive
2020-10-03 14:56:19 DEBUG headers:265 << Set-Cookie: __cfduid=deceedb9ec35902370d5c86236a9e6fa71601736979; expires=Mon, 02-Nov-20 14:56:19 GMT; path=/; domain=.symfonycasts.com; HttpOnly; SameSite=Lax
2020-10-03 14:56:19 DEBUG headers:265 << Cache-Control: no-store, private
2020-10-03 14:56:19 DEBUG headers:265 << Pragma: no-cache
2020-10-03 14:56:19 DEBUG headers:265 << CF-Cache-Status: DYNAMIC
2020-10-03 14:56:19 DEBUG headers:265 << cf-request-id: 05908fcbc800002a3f37128200000001
2020-10-03 14:56:19 DEBUG headers:265 << Server: cloudflare
2020-10-03 14:56:19 DEBUG headers:265 << CF-RAY: 5dc782594eb12a3f-IAD
2020-10-03 14:56:19 DEBUG headers:265 << Content-Encoding: gzip
2020-10-03 14:56:19 DEBUG DefaultHttpClient:509 Connection can be kept alive indefinitely
2020-10-03 14:56:19 DEBUG RequestSpecificationImpl$RestAssuredHttpBuilder:545 Parsing response as: application/json
2020-10-03 14:56:19 DEBUG wire:73  << "83[\r][\n]"
2020-10-03 14:56:19 DEBUG wire:73  << "[0x1f][0x8b][0x8][0x0][0x0][0x0][0x0][0x0][0x0][0x3][0x1c][0xcc]A[\n]"
2020-10-03 14:56:19 DEBUG wire:73  << "[0x83]0[0x10][0x5][0xd0][0xbb][0xfc]u[\n]"
2020-10-03 14:56:19 DEBUG wire:87  << "1[0xd5][0xce][0x90]e/[0x12][0xd2]q"R1[0x92][0xc9][0xc2]Rz[0xf7][0x82][0xdb][0xb7]x_d[0x11]5K[0xbd][0xbe]uG[0x84][0xd0][0x18]J[0x8]z[0x9f][0xa7][0x12]2[\r][0xf2]b.A[0xfd][0xe4][0x99][0x98][0x89][0xf2][0xcc][0x3][0x17][0xf2]p[0xd0][0xf3]X[0x9b]ZZwD~[0x8c][0xde];\K[0xea][0x9f]C[0x11][0xf1][0xd4][0xdc][0xb4][0xc1][0xc1][0xa4]^[0xa0][0xcb]b7[0xa9][0xdb][0xa6][0xd2][0xf1][0xfb][0x3][0x0][0x0][0xff][0xff][0x3][0x0][0x8][0xf0]j[0xbe]{[0x0][0x0][0x0]"
2020-10-03 14:56:19 DEBUG wire:73  << "[\r][\n]"
2020-10-03 14:56:19 DEBUG wire:73  << "0[\r][\n]"
2020-10-03 14:56:19 DEBUG wire:73  << "[\r][\n]"
2020-10-03 14:56:19 DEBUG RequestSpecificationImpl$RestAssuredHttpBuilder:548 Parsed data to instance of: class org.apache.http.conn.EofSensorInputStream
2020-10-03 14:56:19 DEBUG BasicClientConnectionManager:200 Releasing connection org.apache.http.impl.conn.ManagedClientConnectionImpl@51e8e6e6
2020-10-03 14:56:19 DEBUG BasicClientConnectionManager:225 Connection can be kept alive indefinitely
2020-10-03 14:56:20 INFO  OAuth2Class:33 Access Token is: c742f22e3d5f2a71cb88f2e050878877ad818f70
2020-10-03 14:56:20 DEBUG BasicClientConnectionManager:161 Get connection for route {}->http://coop.apps.symfonycasts.com:80
2020-10-03 14:56:20 DEBUG DefaultClientConnectionOperator:177 Connecting to coop.apps.symfonycasts.com:80
2020-10-03 14:56:20 DEBUG RequestAddCookies:123 CookieSpec selected: ignoreCookies
2020-10-03 14:56:20 DEBUG RequestAuthCache:77 Auth cache not set in the context
2020-10-03 14:56:20 DEBUG RequestProxyAuthentication:89 Proxy auth state: UNCHALLENGED
2020-10-03 14:56:20 DEBUG DefaultHttpClient:682 Attempt 1 to execute request
2020-10-03 14:56:20 DEBUG DefaultClientConnection:274 Sending request: POST /api/1407/eggs-collect HTTP/1.1
2020-10-03 14:56:20 DEBUG wire:73  >> "POST /api/1407/eggs-collect HTTP/1.1[\r][\n]"
2020-10-03 14:56:20 DEBUG wire:73  >> "Content-Type: application/x-www-form-urlencoded; charset=ISO-8859-1[\r][\n]"
2020-10-03 14:56:20 DEBUG wire:73  >> "Authorization: Bearer c742f22e3d5f2a71cb88f2e050878877ad818f70[\r][\n]"
2020-10-03 14:56:20 DEBUG wire:73  >> "Accept: */*[\r][\n]"
2020-10-03 14:56:20 DEBUG wire:73  >> "Content-Length: 0[\r][\n]"
2020-10-03 14:56:20 DEBUG wire:73  >> "Host: coop.apps.symfonycasts.com[\r][\n]"
2020-10-03 14:56:20 DEBUG wire:73  >> "Connection: Keep-Alive[\r][\n]"
2020-10-03 14:56:20 DEBUG wire:73  >> "User-Agent: Apache-HttpClient/4.5.3 (Java/1.8.0_265)[\r][\n]"
2020-10-03 14:56:20 DEBUG wire:73  >> "Accept-Encoding: gzip,deflate[\r][\n]"
2020-10-03 14:56:20 DEBUG wire:73  >> "[\r][\n]"
2020-10-03 14:56:20 DEBUG headers:278 >> POST /api/1407/eggs-collect HTTP/1.1
2020-10-03 14:56:20 DEBUG headers:281 >> Content-Type: application/x-www-form-urlencoded; charset=ISO-8859-1
2020-10-03 14:56:20 DEBUG headers:281 >> Authorization: Bearer c742f22e3d5f2a71cb88f2e050878877ad818f70
2020-10-03 14:56:20 DEBUG headers:281 >> Accept: */*
2020-10-03 14:56:20 DEBUG headers:281 >> Content-Length: 0
2020-10-03 14:56:20 DEBUG headers:281 >> Host: coop.apps.symfonycasts.com
2020-10-03 14:56:20 DEBUG headers:281 >> Connection: Keep-Alive
2020-10-03 14:56:20 DEBUG headers:281 >> User-Agent: Apache-HttpClient/4.5.3 (Java/1.8.0_265)
2020-10-03 14:56:20 DEBUG headers:281 >> Accept-Encoding: gzip,deflate
2020-10-03 14:56:20 DEBUG wire:73  << "HTTP/1.1 200 OK[\r][\n]"
2020-10-03 14:56:20 DEBUG wire:73  << "Date: Sat, 03 Oct 2020 14:56:20 GMT[\r][\n]"
2020-10-03 14:56:20 DEBUG wire:73  << "Content-Type: application/json[\r][\n]"
2020-10-03 14:56:20 DEBUG wire:73  << "Transfer-Encoding: chunked[\r][\n]"
2020-10-03 14:56:20 DEBUG wire:73  << "Connection: keep-alive[\r][\n]"
2020-10-03 14:56:20 DEBUG wire:73  << "Set-Cookie: __cfduid=d80d792c58142320ce401e2d09d2821951601736980; expires=Mon, 02-Nov-20 14:56:20 GMT; path=/; domain=.symfonycasts.com; HttpOnly; SameSite=Lax[\r][\n]"
2020-10-03 14:56:20 DEBUG wire:73  << "Cache-Control: no-cache[\r][\n]"
2020-10-03 14:56:20 DEBUG wire:73  << "CF-Cache-Status: DYNAMIC[\r][\n]"
2020-10-03 14:56:20 DEBUG wire:73  << "cf-request-id: 05908fcf980000ea9acb9ad200000001[\r][\n]"
2020-10-03 14:56:20 DEBUG wire:73  << "Server: cloudflare[\r][\n]"
2020-10-03 14:56:20 DEBUG wire:73  << "CF-RAY: 5dc7825f5d24ea9a-IAD[\r][\n]"
2020-10-03 14:56:20 DEBUG wire:73  << "Content-Encoding: gzip[\r][\n]"
2020-10-03 14:56:20 DEBUG wire:73  << "[\r][\n]"
2020-10-03 14:56:20 DEBUG DefaultClientConnection:259 Receiving response: HTTP/1.1 200 OK
2020-10-03 14:56:20 DEBUG headers:262 << HTTP/1.1 200 OK
2020-10-03 14:56:20 DEBUG headers:265 << Date: Sat, 03 Oct 2020 14:56:20 GMT
2020-10-03 14:56:20 DEBUG headers:265 << Content-Type: application/json
2020-10-03 14:56:20 DEBUG headers:265 << Transfer-Encoding: chunked
2020-10-03 14:56:20 DEBUG headers:265 << Connection: keep-alive
2020-10-03 14:56:20 DEBUG headers:265 << Set-Cookie: __cfduid=d80d792c58142320ce401e2d09d2821951601736980; expires=Mon, 02-Nov-20 14:56:20 GMT; path=/; domain=.symfonycasts.com; HttpOnly; SameSite=Lax
2020-10-03 14:56:20 DEBUG headers:265 << Cache-Control: no-cache
2020-10-03 14:56:20 DEBUG headers:265 << CF-Cache-Status: DYNAMIC
2020-10-03 14:56:20 DEBUG headers:265 << cf-request-id: 05908fcf980000ea9acb9ad200000001
2020-10-03 14:56:20 DEBUG headers:265 << Server: cloudflare
2020-10-03 14:56:20 DEBUG headers:265 << CF-RAY: 5dc7825f5d24ea9a-IAD
2020-10-03 14:56:20 DEBUG headers:265 << Content-Encoding: gzip
2020-10-03 14:56:20 DEBUG DefaultHttpClient:509 Connection can be kept alive indefinitely
2020-10-03 14:56:20 DEBUG RequestSpecificationImpl$RestAssuredHttpBuilder:545 Parsing response as: application/json
2020-10-03 14:56:20 DEBUG wire:73  << "74[\r][\n]"
2020-10-03 14:56:20 DEBUG wire:73  << "[0x1f][0x8b][0x8][0x0][0x0][0x0][0x0][0x0][0x0][0x3],[0xcc][0xc1][0x9][0xc3]0[0xc][0x5][0xd0]U[0xd4]vN[0xbe]y[0x82][0xae][0xa1]*[0x1f];[0xd4][0x8d]!R[\n]"
2020-10-03 14:56:20 DEBUG wire:87  << "!t[0xf7][0x12][0xc8][0x0][0xef][0x9d]P[0x8b]e[0xac](`[0xad]>[0xd9][0xe8][0x9d][0x16]H[0xf0][0xdd][0x8c][0xee]([0xb1][0xed]L[0xf8][0xd0]]+Q[0xf0][0xe4]!}[0x8c][0xb7]hH4[0x8d]$Y.+M[0xbf][0x94][0x17][0xb9][0xca][0xbd]p~ a[0xd6]P[0x94][0xfc][0xfb][0x3][0x0][0x0][0xff][0xff][0x3][0x0]g[0xd6]FTk[0x0][0x0][0x0]"
2020-10-03 14:56:20 DEBUG wire:73  << "[\r][\n]"
2020-10-03 14:56:20 DEBUG wire:73  << "0[\r][\n]"
2020-10-03 14:56:20 DEBUG wire:73  << "[\r][\n]"
2020-10-03 14:56:20 DEBUG RequestSpecificationImpl$RestAssuredHttpBuilder:548 Parsed data to instance of: class org.apache.http.conn.EofSensorInputStream
2020-10-03 14:56:20 DEBUG BasicClientConnectionManager:200 Releasing connection org.apache.http.impl.conn.ManagedClientConnectionImpl@3122b117
2020-10-03 14:56:20 DEBUG BasicClientConnectionManager:225 Connection can be kept alive indefinitely
2020-10-03 14:56:20 DEBUG BasicClientConnectionManager:161 Get connection for route {}->http://www.bupa.com.au:80
2020-10-03 14:56:20 DEBUG DefaultClientConnectionOperator:177 Connecting to www.bupa.com.au:80
2020-10-03 14:56:20 DEBUG RequestAddCookies:123 CookieSpec selected: ignoreCookies
2020-10-03 14:56:20 DEBUG RequestAuthCache:77 Auth cache not set in the context
2020-10-03 14:56:20 DEBUG RequestTargetAuthentication:80 Target auth state: UNCHALLENGED
2020-10-03 14:56:20 DEBUG RequestProxyAuthentication:89 Proxy auth state: UNCHALLENGED
2020-10-03 14:56:20 DEBUG DefaultHttpClient:682 Attempt 1 to execute request
2020-10-03 14:56:20 DEBUG DefaultClientConnection:274 Sending request: GET / HTTP/1.1
2020-10-03 14:56:20 DEBUG wire:73  >> "GET / HTTP/1.1[\r][\n]"
2020-10-03 14:56:20 DEBUG wire:73  >> "Accept: */*[\r][\n]"
2020-10-03 14:56:20 DEBUG wire:73  >> "Host: www.bupa.com.au[\r][\n]"
2020-10-03 14:56:20 DEBUG wire:73  >> "Connection: Keep-Alive[\r][\n]"
2020-10-03 14:56:20 DEBUG wire:73  >> "User-Agent: Apache-HttpClient/4.5.3 (Java/1.8.0_265)[\r][\n]"
2020-10-03 14:56:20 DEBUG wire:73  >> "Accept-Encoding: gzip,deflate[\r][\n]"
2020-10-03 14:56:20 DEBUG wire:73  >> "[\r][\n]"
2020-10-03 14:56:20 DEBUG headers:278 >> GET / HTTP/1.1
2020-10-03 14:56:20 DEBUG headers:281 >> Accept: */*
2020-10-03 14:56:20 DEBUG headers:281 >> Host: www.bupa.com.au
2020-10-03 14:56:20 DEBUG headers:281 >> Connection: Keep-Alive
2020-10-03 14:56:20 DEBUG headers:281 >> User-Agent: Apache-HttpClient/4.5.3 (Java/1.8.0_265)
2020-10-03 14:56:20 DEBUG headers:281 >> Accept-Encoding: gzip,deflate
2020-10-03 14:56:20 DEBUG wire:73  << "HTTP/1.1 301 Moved Permanently[\r][\n]"
2020-10-03 14:56:20 DEBUG wire:73  << "Location: https://www.bupa.com.au/[\r][\n]"
2020-10-03 14:56:20 DEBUG wire:73  << "Content-Length: 0[\r][\n]"
2020-10-03 14:56:20 DEBUG wire:73  << "Connection: close[\r][\n]"
2020-10-03 14:56:20 DEBUG wire:73  << "[\r][\n]"
2020-10-03 14:56:20 DEBUG DefaultClientConnection:259 Receiving response: HTTP/1.1 301 Moved Permanently
2020-10-03 14:56:20 DEBUG headers:262 << HTTP/1.1 301 Moved Permanently
2020-10-03 14:56:20 DEBUG headers:265 << Location: https://www.bupa.com.au/
2020-10-03 14:56:20 DEBUG headers:265 << Content-Length: 0
2020-10-03 14:56:20 DEBUG headers:265 << Connection: close
2020-10-03 14:56:20 DEBUG DefaultRedirectStrategy:143 Redirect requested to location 'https://www.bupa.com.au/'
2020-10-03 14:56:20 DEBUG DefaultHttpClient:1095 Resetting target auth state
2020-10-03 14:56:20 DEBUG DefaultHttpClient:1111 Redirecting to 'https://www.bupa.com.au/' via {s}->https://www.bupa.com.au:443
2020-10-03 14:56:20 DEBUG DefaultClientConnection:180 Connection 0.0.0.0:49802<->45.60.31.141:80 closed
2020-10-03 14:56:20 DEBUG BasicClientConnectionManager:200 Releasing connection org.apache.http.impl.conn.ManagedClientConnectionImpl@1869f114
2020-10-03 14:56:20 DEBUG BasicClientConnectionManager:161 Get connection for route {s}->https://www.bupa.com.au:443
2020-10-03 14:56:20 DEBUG DefaultClientConnectionOperator:177 Connecting to www.bupa.com.au:443
2020-10-03 14:56:21 DEBUG RequestAddCookies:123 CookieSpec selected: ignoreCookies
2020-10-03 14:56:21 DEBUG RequestAuthCache:77 Auth cache not set in the context
2020-10-03 14:56:21 DEBUG RequestTargetAuthentication:80 Target auth state: UNCHALLENGED
2020-10-03 14:56:21 DEBUG RequestProxyAuthentication:89 Proxy auth state: UNCHALLENGED
2020-10-03 14:56:21 DEBUG DefaultHttpClient:682 Attempt 2 to execute request
2020-10-03 14:56:21 DEBUG DefaultClientConnection:274 Sending request: GET / HTTP/1.1
2020-10-03 14:56:21 DEBUG wire:73  >> "GET / HTTP/1.1[\r][\n]"
2020-10-03 14:56:21 DEBUG wire:73  >> "Accept: */*[\r][\n]"
2020-10-03 14:56:21 DEBUG wire:73  >> "Host: www.bupa.com.au[\r][\n]"
2020-10-03 14:56:21 DEBUG wire:73  >> "Connection: Keep-Alive[\r][\n]"
2020-10-03 14:56:21 DEBUG wire:73  >> "User-Agent: Apache-HttpClient/4.5.3 (Java/1.8.0_265)[\r][\n]"
2020-10-03 14:56:21 DEBUG wire:73  >> "Accept-Encoding: gzip,deflate[\r][\n]"
2020-10-03 14:56:21 DEBUG wire:73  >> "[\r][\n]"
2020-10-03 14:56:21 DEBUG headers:278 >> GET / HTTP/1.1
2020-10-03 14:56:21 DEBUG headers:281 >> Accept: */*
2020-10-03 14:56:21 DEBUG headers:281 >> Host: www.bupa.com.au
2020-10-03 14:56:21 DEBUG headers:281 >> Connection: Keep-Alive
2020-10-03 14:56:21 DEBUG headers:281 >> User-Agent: Apache-HttpClient/4.5.3 (Java/1.8.0_265)
2020-10-03 14:56:21 DEBUG headers:281 >> Accept-Encoding: gzip,deflate
2020-10-03 14:56:21 DEBUG wire:73  << "HTTP/1.1 200 OK[\r][\n]"
2020-10-03 14:56:21 DEBUG wire:73  << "Content-Type: text/html[\r][\n]"
2020-10-03 14:56:21 DEBUG wire:73  << "Cache-Control: no-cache[\r][\n]"
2020-10-03 14:56:21 DEBUG wire:73  << "Connection: close[\r][\n]"
2020-10-03 14:56:21 DEBUG wire:73  << "Content-Length: 930[\r][\n]"
2020-10-03 14:56:21 DEBUG wire:73  << "X-Iinfo: 6-78596005-0 0NNN RT(1601736979960 248) q(0 -1 -1 2) r(0 -1) B12(4,315,0) U18[\r][\n]"
2020-10-03 14:56:21 DEBUG wire:73  << "Strict-Transport-Security: max-age=31536000[\r][\n]"
2020-10-03 14:56:21 DEBUG wire:73  << "Set-Cookie: visid_incap_1258701=yaRvBg2PQlSCWeUSR6oO6IaQeF8AAAAAQUIPAAAAAABUat4fr1KvhXRwh3IVHbiN; expires=Sat, 02 Oct 2021 21:17:01 GMT; HttpOnly; path=/; Domain=.bupa.com.au; Secure; SameSite=None[\r][\n]"
2020-10-03 14:56:21 DEBUG wire:73  << "Set-Cookie: incap_ses_1252_1258701=TYDoSqiAgUpL4srKqv9fERSReF8AAAAAC4tUm7xRty2rW2W/+kEQbw==; path=/; Domain=.bupa.com.au; Secure; SameSite=None[\r][\n]"
2020-10-03 14:56:21 DEBUG wire:73  << "[\r][\n]"
2020-10-03 14:56:21 DEBUG DefaultClientConnection:259 Receiving response: HTTP/1.1 200 OK
2020-10-03 14:56:21 DEBUG headers:262 << HTTP/1.1 200 OK
2020-10-03 14:56:21 DEBUG headers:265 << Content-Type: text/html
2020-10-03 14:56:21 DEBUG headers:265 << Cache-Control: no-cache
2020-10-03 14:56:21 DEBUG headers:265 << Connection: close
2020-10-03 14:56:21 DEBUG headers:265 << Content-Length: 930
2020-10-03 14:56:21 DEBUG headers:265 << X-Iinfo: 6-78596005-0 0NNN RT(1601736979960 248) q(0 -1 -1 2) r(0 -1) B12(4,315,0) U18
2020-10-03 14:56:21 DEBUG headers:265 << Strict-Transport-Security: max-age=31536000
2020-10-03 14:56:21 DEBUG headers:265 << Set-Cookie: visid_incap_1258701=yaRvBg2PQlSCWeUSR6oO6IaQeF8AAAAAQUIPAAAAAABUat4fr1KvhXRwh3IVHbiN; expires=Sat, 02 Oct 2021 21:17:01 GMT; HttpOnly; path=/; Domain=.bupa.com.au; Secure; SameSite=None
2020-10-03 14:56:21 DEBUG headers:265 << Set-Cookie: incap_ses_1252_1258701=TYDoSqiAgUpL4srKqv9fERSReF8AAAAAC4tUm7xRty2rW2W/+kEQbw==; path=/; Domain=.bupa.com.au; Secure; SameSite=None
2020-10-03 14:56:21 DEBUG RequestSpecificationImpl$RestAssuredHttpBuilder:545 Parsing response as: text/html
2020-10-03 14:56:21 DEBUG RequestSpecificationImpl$RestAssuredHttpBuilder:548 Parsed data to instance of: class org.apache.http.conn.EofSensorInputStream
2020-10-03 14:58:18 INFO  OAuth2Class:33 Access Token is: 727b6b218f75697762ea2b2251d19f5e8b981278
2020-10-03 14:58:56 INFO  OAuth2Class:33 Access Token is: 5022b17e9422f309d05b795dc8bcfca9b9033ae5
2020-10-03 15:00:03 INFO  OAuth2Class:33 Access Token is: 04ed2f3f6b1635582717e7de4de44a7b60475a7d
2020-10-03 15:00:03 INFO  OAuth2Class:38 Base URL is: null
2020-10-03 15:01:07 INFO  OAuth2Class:33 Access Token is: ff7b65d051063b2877700c6315b4a4bf7cd04383
2020-10-03 15:01:07 INFO  OAuth2Class:38 Base URL is: null
2020-10-03 15:01:07 INFO  OAuth2Class:44 userId is: /1407
2020-10-03 15:03:46 INFO  OAuth2Class:34 Access Token is: dc680d5060e684eedb4ff3a17f372f9fafcc1bf5
2020-10-03 15:03:46 INFO  OAuth2Class:39 Base URL is: null
2020-10-03 15:03:46 INFO  OAuth2Class:45 userId is: /1407
2020-10-03 15:03:46 INFO  OAuth2Class:53 200 is ok
2020-10-03 15:04:03 INFO  OAuth2Class:34 Access Token is: 06bef997ec79994eb80ee0a590e1e3f3ee6e9519
2020-10-03 15:04:03 INFO  OAuth2Class:39 Base URL is: null
2020-10-03 15:04:03 INFO  OAuth2Class:45 userId is: /1407
2020-10-03 15:04:03 ERROR OAuth2Class:56 Wrong Status code: 200
2020-10-03 15:06:28 INFO  OAuth2Class:34 Access Token is: 50d86166eb1f767bd1c57dd40f854904d32fa2a0
2020-10-03 15:06:28 INFO  OAuth2Class:39 Base URL is: null
2020-10-03 15:06:28 INFO  OAuth2Class:45 userId is: /1407
2020-10-03 15:06:29 ERROR OAuth2Class:56 Wrong Status code: 200
2020-10-03 15:06:29 ERROR OAuth2Class:63 java.lang.ArithmeticException: / by zero
2020-10-03 15:07:12 INFO  OAuth2Class:34 Access Token is: 396edad560a606d30e59d2c7b125939c30c2c648
2020-10-03 15:07:12 INFO  OAuth2Class:39 Base URL is: null
2020-10-03 15:07:12 INFO  OAuth2Class:45 userId is: /1407
2020-10-03 15:07:13 ERROR OAuth2Class:56 Wrong Status code: 200
2020-10-03 15:07:13 ERROR OAuth2Class:63 java.lang.ArithmeticException: / by zero
2020-10-03 15:07:32 INFO  OAuth2Class:34 Access Token is: 9e17868931850a3cb47ae99d941d659b7885a906
2020-10-03 15:07:32 INFO  OAuth2Class:39 Base URL is: null
2020-10-03 15:07:32 INFO  OAuth2Class:45 userId is: /1407
2020-10-03 15:07:32 ERROR OAuth2Class:56 Wrong Status code: 200
2020-10-03 15:07:32 ERROR OAuth2Class:63 java.lang.ArithmeticException: / by zero
2020-10-03 15:10:03 INFO  OAuth2Class:38 Access Token is: e69f825c3f160a8876a194e2bdf0a9187ab73779
2020-10-03 15:10:03 INFO  OAuth2Class:43 Base URL is: null
2020-10-03 15:10:03 INFO  OAuth2Class:49 userId is: /1407
2020-10-03 15:10:04 ERROR OAuth2Class:60 Wrong Status code: 200
2020-10-03 15:10:04 ERROR OAuth2Class:66 java.io.FileNotFoundException: test.xml (No such file or directory)
